Build started 06.12.2020 19:06:25.
     1>Project "C:\_Workspace\_Projects\FTLight_github\Apps\AppCm.VS2013\AppCm\AppCm.vcxproj" on node 2 (Build target(s)).
     1>ClCompile:
         C:\Program Files (x86)\Microsoft Visual Studio 12.0\VC\bin\CL.exe /c /AI"C:\Program Files (x86)\Reference Assemblies\Microsoft\Framework\.NETFramework\v4.5.2\\" /AI"C:\Program Files (x86)\Windows Kits\8.1\References\CommonConfiguration\Neutral" /AI"C:\Program Files (x86)\Reference Assemblies\Microsoft\Framework\.NETFramework\v4.5.2\Facades\\" /Zi /clr /nologo /W4 /WX- /Od /Oy- /D MSVS /D WIN32 /D _DEBUG /D _UNICODE /D UNICODE /EHa /MDd /GS /fp:precise /Zc:wchar_t /Zc:forScope /Fo"Debug\\" /Fd"Debug\vc120.pdb" /TP /FU"C:\Program Files (x86)\Reference Assemblies\Microsoft\Framework\.NETFramework\v4.5.2\mscorlib.dll" /FU"C:\Program Files (x86)\Reference Assemblies\Microsoft\Framework\.NETFramework\v4.5.2\System.Data.dll" /FU"C:\Program Files (x86)\Reference Assemblies\Microsoft\Framework\.NETFramework\v4.5.2\System.dll" /FU"C:\Program Files (x86)\Reference Assemblies\Microsoft\Framework\.NETFramework\v4.5.2\System.Drawing.dll" /FU"C:\Program Files (x86)\Reference Assemblies\Microsoft\Framework\.NETFramework\v4.5.2\System.Windows.Forms.dll" /FU"C:\Program Files (x86)\Reference Assemblies\Microsoft\Framework\.NETFramework\v4.5.2\System.Xml.dll" /analyze- /errorReport:prompt /clr:nostdlib AppCmUI.cpp
         AppCmUI.cpp
         C:\Program Files (x86)\Microsoft Visual Studio 12.0\VC\bin\CL.exe /c /Zi /clr /nologo /W4 /WX- /Od /Oy- /D MSVS /D WIN32 /D _DEBUG /D _UNICODE /D UNICODE /EHa /MDd /GS /fp:precise /Zc:wchar_t /Zc:forScope /Fo"Debug\\" /Fd"Debug\vc120.pdb" /TP /analyze- /errorReport:prompt "C:\Users\ekant\AppData\Local\Temp\.NETFramework,Version=v4.5.2.AssemblyAttributes.cpp"
         .NETFramework,Version=v4.5.2.AssemblyAttributes.cpp
       Link:
         C:\Program Files (x86)\Microsoft Visual Studio 12.0\VC\bin\link.exe /ERRORREPORT:PROMPT /OUT:"..\..\Runtime\x86\AppCm.exe" /INCREMENTAL /NOLOGO user32.lib ws2_32.lib shlwapi.lib /ASSEMBLYRESOURCE:Debug\CppWinForm1.AppCmUI.resources /MANIFEST /MANIFESTUAC:"level='asInvoker' uiAccess='false'" /manifest:embed /DEBUG /PDB:"..\..\Runtime\x86\AppCm.pdb" /ASSEMBLYDEBUG /SUBSYSTEM:WINDOWS /TLBID:1 /ENTRY:"main" /DYNAMICBASE /FIXED:NO /NXCOMPAT /MACHINE:X86 Debug\CmBots.obj
         Debug\CmFileFTL.obj
         Debug\CmStringFTL.obj
         Debug\CmValueFTL.obj
         Debug\CmException.obj
         Debug\CmString.obj
         Debug\CmTime.obj
         Debug\CmTypes.obj
         Debug\CmChart.obj
         Debug\CmFocus.obj
         Debug\CmCommunication.obj
         Debug\CmGateway.obj
         Debug\CmGatewayLAN.obj
         Debug\CmPlugNode.obj
         Debug\CmServiceAccess.obj
         Debug\CmServiceConnection.obj
         Debug\CmStream.obj
         Debug\AppCm.obj
         Debug\AppCmUI.obj
         "Debug\.NETFramework,Version=v4.5.2.AssemblyAttributes.obj"
         AppCm.vcxproj -> C:\_Workspace\_Projects\FTLight_github\Apps\AppCm.VS2013\AppCm\..\..\Runtime\x86\AppCm.exe
     1>Done Building Project "C:\_Workspace\_Projects\FTLight_github\Apps\AppCm.VS2013\AppCm\AppCm.vcxproj" (Build target(s)).

Build succeeded.

Time Elapsed 00:00:02.24
