Build started 06.12.2020 19:04:13.
     1>Project "C:\_Workspace\_Projects\FTLight_github\Apps\AppCm.VS2013\AppCm\AppCm.vcxproj" on node 2 (Rebuild target(s)).
     1>ClCompile:
         C:\Program Files (x86)\Microsoft Visual Studio 12.0\VC\bin\CL.exe /c /AI"C:\Program Files (x86)\Reference Assemblies\Microsoft\Framework\.NETFramework\v4.5.2\\" /AI"C:\Program Files (x86)\Windows Kits\8.1\References\CommonConfiguration\Neutral" /AI"C:\Program Files (x86)\Reference Assemblies\Microsoft\Framework\.NETFramework\v4.5.2\Facades\\" /Zi /clr /nologo /W4 /WX- /O2 /Oy- /D MSVS /D WIN32 /D NDEBUG /D _UNICODE /D UNICODE /EHa /MD /GS /fp:precise /Zc:wchar_t /Zc:forScope /Fo"Release\\" /Fd"Release\vc120.pdb" /TP /FU"C:\Program Files (x86)\Reference Assemblies\Microsoft\Framework\.NETFramework\v4.5.2\mscorlib.dll" /FU"C:\Program Files (x86)\Reference Assemblies\Microsoft\Framework\.NETFramework\v4.5.2\System.Data.dll" /FU"C:\Program Files (x86)\Reference Assemblies\Microsoft\Framework\.NETFramework\v4.5.2\System.dll" /FU"C:\Program Files (x86)\Reference Assemblies\Microsoft\Framework\.NETFramework\v4.5.2\System.Drawing.dll" /FU"C:\Program Files (x86)\Reference Assemblies\Microsoft\Framework\.NETFramework\v4.5.2\System.Windows.Forms.dll" /FU"C:\Program Files (x86)\Reference Assemblies\Microsoft\Framework\.NETFramework\v4.5.2\System.Xml.dll" /analyze- /errorReport:prompt /clr:nostdlib ..\..\..\Bots\CmBots.cpp ..\..\..\FTLight\CmFileFTL.cpp ..\..\..\FTLight\CmStringFTL.cpp ..\..\..\FTLight\CmValueFTL.cpp ..\..\..\Services\Basic\CmException.cpp ..\..\..\Services\Basic\CmString.cpp ..\..\..\Services\Basic\CmTime.cpp ..\..\..\Services\Basic\CmTypes.cpp ..\..\..\Services\Drawing\CmChart.cpp ..\..\..\Services\Drawing\CmFocus.cpp ..\..\..\Services\PlugNode\CmCommunication.cpp ..\..\..\Services\PlugNode\CmGateway.cpp ..\..\..\Services\PlugNode\CmGatewayLAN.cpp ..\..\..\Services\PlugNode\CmPlugNode.cpp ..\..\..\Services\PlugNode\CmServiceAccess.cpp ..\..\..\Services\PlugNode\CmServiceConnection.cpp ..\..\..\Services\PlugNode\CmStream.cpp AppCm.cpp AppCmUI.cpp
         CmBots.cpp
         CmFileFTL.cpp
         CmStringFTL.cpp
         CmValueFTL.cpp
         CmException.cpp
         CmString.cpp
         CmTime.cpp
         CmTypes.cpp
         CmChart.cpp
         CmFocus.cpp
         CmCommunication.cpp
         CmGateway.cpp
         CmGatewayLAN.cpp
         CmPlugNode.cpp
         CmServiceAccess.cpp
         CmServiceConnection.cpp
         CmStream.cpp
         AppCm.cpp
         AppCmUI.cpp
         Generating Code...
         C:\Program Files (x86)\Microsoft Visual Studio 12.0\VC\bin\CL.exe /c /Zi /clr /nologo /W4 /WX- /O2 /Oy- /D MSVS /D WIN32 /D NDEBUG /D _UNICODE /D UNICODE /EHa /MD /GS /fp:precise /Zc:wchar_t /Zc:forScope /Fo"Release\\" /Fd"Release\vc120.pdb" /TP /analyze- /errorReport:prompt "C:\Users\ekant\AppData\Local\Temp\.NETFramework,Version=v4.5.2.AssemblyAttributes.cpp"
         .NETFramework,Version=v4.5.2.AssemblyAttributes.cpp
       Link:
         C:\Program Files (x86)\Microsoft Visual Studio 12.0\VC\bin\link.exe /ERRORREPORT:PROMPT /OUT:"..\..\Runtime\x86\AppCm.exe" /INCREMENTAL:NO /NOLOGO user32.lib ws2_32.lib shlwapi.lib /ASSEMBLYRESOURCE:Release\CppWinForm1.AppCmUI.resources /MANIFEST /MANIFESTUAC:"level='asInvoker' uiAccess='false'" /manifest:embed /SUBSYSTEM:WINDOWS /TLBID:1 /ENTRY:"main" /DYNAMICBASE /FIXED:NO /NXCOMPAT /MACHINE:X86 /SAFESEH Release\CmBots.obj
         Release\CmFileFTL.obj
         Release\CmStringFTL.obj
         Release\CmValueFTL.obj
         Release\CmException.obj
         Release\CmString.obj
         Release\CmTime.obj
         Release\CmTypes.obj
         Release\CmChart.obj
         Release\CmFocus.obj
         Release\CmCommunication.obj
         Release\CmGateway.obj
         Release\CmGatewayLAN.obj
         Release\CmPlugNode.obj
         Release\CmServiceAccess.obj
         Release\CmServiceConnection.obj
         Release\CmStream.obj
         Release\AppCm.obj
         Release\AppCmUI.obj
         "Release\.NETFramework,Version=v4.5.2.AssemblyAttributes.obj"
         AppCm.vcxproj -> C:\_Workspace\_Projects\FTLight_github\Apps\AppCm.VS2013\AppCm\..\..\Runtime\x86\AppCm.exe
     1>Done Building Project "C:\_Workspace\_Projects\FTLight_github\Apps\AppCm.VS2013\AppCm\AppCm.vcxproj" (Rebuild target(s)).

Build succeeded.

Time Elapsed 00:00:14.35
