Build started 06.12.2020 19:08:47.
     1>Project "C:\_Workspace\_Projects\FTLight_github\Apps\AppCm.VS2013\AppCm\AppCm.vcxproj" on node 2 (Build target(s)).
     1>ClCompile:
         C:\Program Files (x86)\Microsoft Visual Studio 12.0\VC\bin\x86_amd64\CL.exe /c /AI"C:\Program Files (x86)\Reference Assemblies\Microsoft\Framework\.NETFramework\v4.5.2\\" /AI"C:\Program Files (x86)\Windows Kits\8.1\References\CommonConfiguration\Neutral" /AI"C:\Program Files (x86)\Reference Assemblies\Microsoft\Framework\.NETFramework\v4.5.2\Facades\\" /Zi /clr /nologo /W4 /WX- /O2 /D MSVS /D NDEBUG /D _UNICODE /D UNICODE /EHa /MD /GS /fp:precise /Zc:wchar_t /Zc:forScope /Fo"x64\Release\\" /Fd"x64\Release\vc120.pdb" /TP /FU"C:\Program Files (x86)\Reference Assemblies\Microsoft\Framework\.NETFramework\v4.5.2\mscorlib.dll" /FU"C:\Program Files (x86)\Reference Assemblies\Microsoft\Framework\.NETFramework\v4.5.2\System.Data.dll" /FU"C:\Program Files (x86)\Reference Assemblies\Microsoft\Framework\.NETFramework\v4.5.2\System.dll" /FU"C:\Program Files (x86)\Reference Assemblies\Microsoft\Framework\.NETFramework\v4.5.2\System.Drawing.dll" /FU"C:\Program Files (x86)\Reference Assemblies\Microsoft\Framework\.NETFramework\v4.5.2\System.Windows.Forms.dll" /FU"C:\Program Files (x86)\Reference Assemblies\Microsoft\Framework\.NETFramework\v4.5.2\System.Xml.dll" /errorReport:prompt /clr:nostdlib AppCmUI.cpp
         AppCmUI.cpp
       Link:
         C:\Program Files (x86)\Microsoft Visual Studio 12.0\VC\bin\x86_amd64\link.exe /ERRORREPORT:PROMPT /OUT:"..\..\Runtime\AppCm.exe" /INCREMENTAL:NO /NOLOGO user32.lib ws2_32.lib shlwapi.lib /ASSEMBLYRESOURCE:x64\Release\CppWinForm1.AppCmUI.resources /MANIFEST /MANIFESTUAC:"level='asInvoker' uiAccess='false'" /manifest:embed /SUBSYSTEM:WINDOWS /TLBID:1 /ENTRY:"main" /DYNAMICBASE /FIXED:NO /NXCOMPAT /MACHINE:X64 x64\Release\CmBots.obj
         x64\Release\CmFileFTL.obj
         x64\Release\CmStringFTL.obj
         x64\Release\CmValueFTL.obj
         x64\Release\CmException.obj
         x64\Release\CmString.obj
         x64\Release\CmTime.obj
         x64\Release\CmTypes.obj
         x64\Release\CmChart.obj
         x64\Release\CmFocus.obj
         x64\Release\CmCommunication.obj
         x64\Release\CmGateway.obj
         x64\Release\CmGatewayLAN.obj
         x64\Release\CmPlugNode.obj
         x64\Release\CmServiceAccess.obj
         x64\Release\CmServiceConnection.obj
         x64\Release\CmStream.obj
         x64\Release\AppCm.obj
         x64\Release\AppCmUI.obj
         "x64\Release\.NETFramework,Version=v4.5.2.AssemblyAttributes.obj"
         AppCm.vcxproj -> C:\_Workspace\_Projects\FTLight_github\Apps\AppCm.VS2013\AppCm\..\..\Runtime\AppCm.exe
     1>Done Building Project "C:\_Workspace\_Projects\FTLight_github\Apps\AppCm.VS2013\AppCm\AppCm.vcxproj" (Build target(s)).

Build succeeded.

Time Elapsed 00:00:01.59
